<?xml version="1.0" encoding="UTF-8"?>
<testsuite name="com.gerald.utils.CommUtilsApplicationTests" time="0.016" tests="1" errors="1" skipped="0" failures="0">
  <properties>
    <property name="java.runtime.name" value="Java(TM) SE Runtime Environment"/>
    <property name="sun.boot.library.path" value="C:\Program Files\Java\jdk1.8.0_20\jre\bin"/>
    <property name="java.vm.version" value="25.20-b23"/>
    <property name="java.vm.vendor" value="Oracle Corporation"/>
    <property name="maven.multiModuleProjectDirectory" value="C:\Users\Dev7\Documents\Spring\Workspace\comm-utils"/>
    <property name="java.vendor.url" value="http://java.oracle.com/"/>
    <property name="path.separator" value=";"/>
    <property name="guice.disable.misplaced.annotation.check" value="true"/>
    <property name="java.vm.name" value="Java HotSpot(TM) 64-Bit Server VM"/>
    <property name="file.encoding.pkg" value="sun.io"/>
    <property name="user.script" value=""/>
    <property name="user.country" value="GB"/>
    <property name="sun.java.launcher" value="SUN_STANDARD"/>
    <property name="sun.os.patch.level" value=""/>
    <property name="java.vm.specification.name" value="Java Virtual Machine Specification"/>
    <property name="user.dir" value="C:\Users\Dev7\Documents\Spring\Workspace\comm-utils"/>
    <property name="java.runtime.version" value="1.8.0_20-b26"/>
    <property name="java.awt.graphicsenv" value="sun.awt.Win32GraphicsEnvironment"/>
    <property name="java.endorsed.dirs" value="C:\Program Files\Java\jdk1.8.0_20\jre\lib\endorsed"/>
    <property name="os.arch" value="amd64"/>
    <property name="java.io.tmpdir" value="C:\Users\Dev7\AppData\Local\Temp\"/>
    <property name="line.separator" value="&#10;"/>
    <property name="java.vm.specification.vendor" value="Oracle Corporation"/>
    <property name="user.variant" value=""/>
    <property name="os.name" value="Windows 8.1"/>
    <property name="classworlds.conf" value="C:\Users\Dev7\Documents\Spring\Workspace\.metadata\.plugins\org.eclipse.m2e.launching\launches\m2conf4981024052591566765.tmp"/>
    <property name="sun.jnu.encoding" value="Cp1252"/>
    <property name="java.library.path" value="C:\Program Files\Java\jdk1.8.0_20\bin;C:\WINDOWS\Sun\Java\bin;C:\WINDOWS\system32;C:\WINDOWS;C:/Program Files/Java/jre1.8.0_73/bin/server;C:/Program Files/Java/jre1.8.0_73/bin;C:/Program Files/Java/jre1.8.0_73/lib/amd64;C:\ProgramData\Oracle\Java\javapath;C:\WINDOWS\system32;C:\WINDOWS;C:\WINDOWS\System32\Wbem;C:\WINDOWS\System32\WindowsPowerShell\v1.0\;C:\Program Files (x86)\Skype\Phone\;C:\Program Files (x86)\MySQL\MySQL Utilities 1.3.6\;C:\WINDOWS\system32\config\systemprofile\.dnx\bin;C:\Program Files\Microsoft DNX\Dnvm\;C:\HashiCorp\Vagrant\bin;C:\Program Files\Oracle\VirtualBox;C:\Users\Dev7\AppData\Local\Programs\Git\bin;C:\Program Files (x86)\Windows Kits\8.1\Windows Performance Toolkit\;C:\Program Files (x86)\Microsoft Emulator Manager\1.0\;C:\Program Files\Java\jdk1.8.0_20\bin;C:\Program Files\MySQL\MySQL Server 5.6\bin;C:\Program Files\nodejs\;C:\Ruby22-x64\bin;C:\Windows\system32;C:\Windows;C:\Windows\System32\Wbem;C:\Windows\System32\WindowsPowerShell\v1.0\;C:\groovy-2.4.5\bin;C:\Program Files\NetBeans 8.0.1\java\maven\bin;C:\Program Files\MongoDB\Server\3.0\bin;C:\Android\android-sdk\tools;C:\Android\android-sdk\platform-tools;C:\nssm\nssm-2.24\win64;C:\Program Files\Docker Toolbox;C:\Program Files (x86)\Microsoft VS Code\bin;C:\apache-ant\apache-ant-1.9.7\bin;C:\Users\Dev7\AppData\Local\Microsoft\WindowsApps;C:\Users\Dev7\AppData\Roaming\npm;C:\Program Files\Spring\sts-bundle\sts-3.7.2.RELEASE;;."/>
    <property name="java.specification.name" value="Java Platform API Specification"/>
    <property name="java.class.version" value="52.0"/>
    <property name="sun.management.compiler" value="HotSpot 64-Bit Tiered Compilers"/>
    <property name="os.version" value="6.3"/>
    <property name="user.home" value="C:\Users\Dev7"/>
    <property name="user.timezone" value="Africa/Luanda"/>
    <property name="java.awt.printerjob" value="sun.awt.windows.WPrinterJob"/>
    <property name="java.specification.version" value="1.8"/>
    <property name="file.encoding" value="Cp1252"/>
    <property name="user.name" value="Dev7"/>
    <property name="java.class.path" value="/C:/Program Files/Spring/sts-bundle/sts-3.7.2.RELEASE/plugins/org.eclipse.m2e.maven.runtime_1.6.2.20150902-0001/jars/plexus-classworlds-2.5.2.jar"/>
    <property name="java.vm.specification.version" value="1.8"/>
    <property name="sun.arch.data.model" value="64"/>
    <property name="java.home" value="C:\Program Files\Java\jdk1.8.0_20\jre"/>
    <property name="sun.java.command" value="org.codehaus.plexus.classworlds.launcher.Launcher -Ppom.xml -B install"/>
    <property name="java.specification.vendor" value="Oracle Corporation"/>
    <property name="user.language" value="en"/>
    <property name="awt.toolkit" value="sun.awt.windows.WToolkit"/>
    <property name="java.vm.info" value="mixed mode"/>
    <property name="java.version" value="1.8.0_20"/>
    <property name="java.ext.dirs" value="C:\Program Files\Java\jdk1.8.0_20\jre\lib\ext;C:\WINDOWS\Sun\Java\lib\ext"/>
    <property name="sun.boot.class.path" value="C:\Program Files\Java\jdk1.8.0_20\jre\lib\resources.jar;C:\Program Files\Java\jdk1.8.0_20\jre\lib\rt.jar;C:\Program Files\Java\jdk1.8.0_20\jre\lib\sunrsasign.jar;C:\Program Files\Java\jdk1.8.0_20\jre\lib\jsse.jar;C:\Program Files\Java\jdk1.8.0_20\jre\lib\jce.jar;C:\Program Files\Java\jdk1.8.0_20\jre\lib\charsets.jar;C:\Program Files\Java\jdk1.8.0_20\jre\lib\jfr.jar;C:\Program Files\Java\jdk1.8.0_20\jre\classes"/>
    <property name="java.vendor" value="Oracle Corporation"/>
    <property name="maven.home" value="C:\Users\Dev7\Documents\Spring\Workspace\comm-utils\EMBEDDED"/>
    <property name="file.separator" value="\"/>
    <property name="java.vendor.url.bug" value="http://bugreport.sun.com/bugreport/"/>
    <property name="sun.cpu.endian" value="little"/>
    <property name="sun.io.unicode.encoding" value="UnicodeLittle"/>
    <property name="sun.desktop" value="windows"/>
    <property name="sun.cpu.isalist" value="amd64"/>
  </properties>
  <testcase name="initializationError" classname="com.gerald.utils.CommUtilsApplicationTests" time="0.016">
    <error message="Unable to find a @SpringBootConfiguration, you need to use @ContextConfiguration or @SpringBootTest(classes=...) with your test" type="java.lang.IllegalStateException"><![CDATA[java.lang.IllegalStateException: Unable to find a @SpringBootConfiguration, you need to use @ContextConfiguration or @SpringBootTest(classes=...) with your test
	at org.springframework.util.Assert.state(Assert.java:392)
	at org.springframework.boot.test.context.SpringBootTestContextBootstrapper.getOrFindConfigurationClasses(SpringBootTestContextBootstrapper.java:156)
	at org.springframework.boot.test.context.SpringBootTestContextBootstrapper.processMergedContextConfiguration(SpringBootTestContextBootstrapper.java:116)
	at org.springframework.test.context.support.AbstractTestContextBootstrapper.buildMergedContextConfiguration(AbstractTestContextBootstrapper.java:409)
	at org.springframework.test.context.support.AbstractTestContextBootstrapper.buildDefaultMergedContextConfiguration(AbstractTestContextBootstrapper.java:323)
	at org.springframework.test.context.support.AbstractTestContextBootstrapper.buildMergedContextConfiguration(AbstractTestContextBootstrapper.java:277)
	at org.springframework.test.context.support.AbstractTestContextBootstrapper.buildTestContext(AbstractTestContextBootstrapper.java:112)
	at org.springframework.boot.test.context.SpringBootTestContextBootstrapper.buildTestContext(SpringBootTestContextBootstrapper.java:74)
	at org.springframework.test.context.TestContextManager.<init>(TestContextManager.java:120)
	at org.springframework.test.context.TestContextManager.<init>(TestContextManager.java:105)
	at org.springframework.test.context.junit4.SpringJUnit4ClassRunner.createTestContextManager(SpringJUnit4ClassRunner.java:152)
	at org.springframework.test.context.junit4.SpringJUnit4ClassRunner.<init>(SpringJUnit4ClassRunner.java:143)
	at org.springframework.test.context.junit4.SpringRunner.<init>(SpringRunner.java:49)
	at sun.reflect.NativeConstructorAccessorImpl.newInstance0(Native Method)
	at sun.reflect.NativeConstructorAccessorImpl.newInstance(NativeConstructorAccessorImpl.java:62)
	at sun.reflect.DelegatingConstructorAccessorImpl.newInstance(DelegatingConstructorAccessorImpl.java:45)
	at java.lang.reflect.Constructor.newInstance(Constructor.java:408)
	at org.junit.internal.builders.AnnotatedBuilder.buildRunner(AnnotatedBuilder.java:104)
	at org.junit.internal.builders.AnnotatedBuilder.runnerForClass(AnnotatedBuilder.java:86)
	at org.junit.runners.model.RunnerBuilder.safeRunnerForClass(RunnerBuilder.java:59)
	at org.junit.internal.builders.AllDefaultPossibilitiesBuilder.runnerForClass(AllDefaultPossibilitiesBuilder.java:26)
	at org.junit.runners.model.RunnerBuilder.safeRunnerForClass(RunnerBuilder.java:59)
	at org.junit.internal.requests.ClassRequest.getRunner(ClassRequest.java:33)
	at org.apache.maven.surefire.junit4.JUnit4Provider.execute(JUnit4Provider.java:283)
	at org.apache.maven.surefire.junit4.JUnit4Provider.executeWithRerun(JUnit4Provider.java:173)
	at org.apache.maven.surefire.junit4.JUnit4Provider.executeTestSet(JUnit4Provider.java:153)
	at org.apache.maven.surefire.junit4.JUnit4Provider.invoke(JUnit4Provider.java:128)
	at org.apache.maven.surefire.booter.ForkedBooter.invokeProviderInSameClassLoader(ForkedBooter.java:203)
	at org.apache.maven.surefire.booter.ForkedBooter.runSuitesInProcess(ForkedBooter.java:155)
	at org.apache.maven.surefire.booter.ForkedBooter.main(ForkedBooter.java:103)
]]></error>
    <system-out><![CDATA[16:09:55.813 [main] DEBUG org.springframework.test.context.junit4.SpringJUnit4ClassRunner - SpringJUnit4ClassRunner constructor called with [class com.gerald.utils.CommUtilsApplicationTests]
16:09:55.847 [main] DEBUG org.springframework.test.context.BootstrapUtils - Instantiating CacheAwareContextLoaderDelegate from class [org.springframework.test.context.cache.DefaultCacheAwareContextLoaderDelegate]
16:09:55.877 [main] DEBUG org.springframework.test.context.BootstrapUtils - Instantiating BootstrapContext using constructor [public org.springframework.test.context.support.DefaultBootstrapContext(java.lang.Class,org.springframework.test.context.CacheAwareContextLoaderDelegate)]
16:09:55.904 [main] DEBUG org.springframework.test.context.BootstrapUtils - Instantiating TestContextBootstrapper for test class [com.gerald.utils.CommUtilsApplicationTests] from class [org.springframework.boot.test.context.SpringBootTestContextBootstrapper]
16:09:55.929 [main] INFO org.springframework.boot.test.context.SpringBootTestContextBootstrapper - Neither @ContextConfiguration nor @ContextHierarchy found for test class [com.gerald.utils.CommUtilsApplicationTests], using SpringBootContextLoader
16:09:55.935 [main] DEBUG org.springframework.test.context.support.AbstractContextLoader - Did not detect default resource location for test class [com.gerald.utils.CommUtilsApplicationTests]: class path resource [com/gerald/utils/CommUtilsApplicationTests-context.xml] does not exist
16:09:55.936 [main] DEBUG org.springframework.test.context.support.AbstractContextLoader - Did not detect default resource location for test class [com.gerald.utils.CommUtilsApplicationTests]: class path resource [com/gerald/utils/CommUtilsApplicationTestsContext.groovy] does not exist
16:09:55.936 [main] INFO org.springframework.test.context.support.AbstractContextLoader - Could not detect default resource locations for test class [com.gerald.utils.CommUtilsApplicationTests]: no resource found for suffixes {-context.xml, Context.groovy}.
16:09:55.939 [main] INFO org.springframework.test.context.support.AnnotationConfigContextLoaderUtils - Could not detect default configuration classes for test class [com.gerald.utils.CommUtilsApplicationTests]: CommUtilsApplicationTests does not declare any static, non-private, non-final, nested classes annotated with @Configuration.
16:09:56.034 [main] DEBUG org.springframework.test.context.support.ActiveProfilesUtils - Could not find an 'annotation declaring class' for annotation type [org.springframework.test.context.ActiveProfiles] and class [com.gerald.utils.CommUtilsApplicationTests]
16:09:56.216 [main] DEBUG org.springframework.core.env.StandardEnvironment - Adding [systemProperties] PropertySource with lowest search precedence
16:09:56.223 [main] DEBUG org.springframework.core.env.StandardEnvironment - Adding [systemEnvironment] PropertySource with lowest search precedence
16:09:56.224 [main] DEBUG org.springframework.core.env.StandardEnvironment - Initialized StandardEnvironment with PropertySources [systemProperties,systemEnvironment]
16:09:56.263 [main] DEBUG org.springframework.core.io.support.PathMatchingResourcePatternResolver - Resolved classpath location [com/gerald/utils/] to resources [URL [file:/C:/Users/Dev7/Documents/Spring/Workspace/comm-utils/target/test-classes/com/gerald/utils/], URL [file:/C:/Users/Dev7/Documents/Spring/Workspace/comm-utils/target/classes/com/gerald/utils/]]
16:09:56.266 [main] DEBUG org.springframework.core.io.support.PathMatchingResourcePatternResolver - Looking for matching resources in directory tree [C:\Users\Dev7\Documents\Spring\Workspace\comm-utils\target\test-classes\com\gerald\utils]
16:09:56.267 [main] DEBUG org.springframework.core.io.support.PathMatchingResourcePatternResolver - Searching directory [C:\Users\Dev7\Documents\Spring\Workspace\comm-utils\target\test-classes\com\gerald\utils] for files matching pattern [C:/Users/Dev7/Documents/Spring/Workspace/comm-utils/target/test-classes/com/gerald/utils/*.class]
16:09:56.279 [main] DEBUG org.springframework.core.io.support.PathMatchingResourcePatternResolver - Looking for matching resources in directory tree [C:\Users\Dev7\Documents\Spring\Workspace\comm-utils\target\classes\com\gerald\utils]
16:09:56.280 [main] DEBUG org.springframework.core.io.support.PathMatchingResourcePatternResolver - Searching directory [C:\Users\Dev7\Documents\Spring\Workspace\comm-utils\target\classes\com\gerald\utils] for files matching pattern [C:/Users/Dev7/Documents/Spring/Workspace/comm-utils/target/classes/com/gerald/utils/*.class]
16:09:56.282 [main] DEBUG org.springframework.core.io.support.PathMatchingResourcePatternResolver - Resolved location pattern [classpath*:com/gerald/utils/*.class] to resources [file [C:\Users\Dev7\Documents\Spring\Workspace\comm-utils\target\test-classes\com\gerald\utils\CommUtilsApplicationTests.class]]
16:09:56.321 [main] DEBUG org.springframework.core.io.support.PathMatchingResourcePatternResolver - Resolved classpath location [com/gerald/] to resources [URL [file:/C:/Users/Dev7/Documents/Spring/Workspace/comm-utils/target/test-classes/com/gerald/], URL [file:/C:/Users/Dev7/Documents/Spring/Workspace/comm-utils/target/classes/com/gerald/]]
16:09:56.322 [main] DEBUG org.springframework.core.io.support.PathMatchingResourcePatternResolver - Looking for matching resources in directory tree [C:\Users\Dev7\Documents\Spring\Workspace\comm-utils\target\test-classes\com\gerald]
16:09:56.323 [main] DEBUG org.springframework.core.io.support.PathMatchingResourcePatternResolver - Searching directory [C:\Users\Dev7\Documents\Spring\Workspace\comm-utils\target\test-classes\com\gerald] for files matching pattern [C:/Users/Dev7/Documents/Spring/Workspace/comm-utils/target/test-classes/com/gerald/*.class]
16:09:56.324 [main] DEBUG org.springframework.core.io.support.PathMatchingResourcePatternResolver - Looking for matching resources in directory tree [C:\Users\Dev7\Documents\Spring\Workspace\comm-utils\target\classes\com\gerald]
16:09:56.325 [main] DEBUG org.springframework.core.io.support.PathMatchingResourcePatternResolver - Searching directory [C:\Users\Dev7\Documents\Spring\Workspace\comm-utils\target\classes\com\gerald] for files matching pattern [C:/Users/Dev7/Documents/Spring/Workspace/comm-utils/target/classes/com/gerald/*.class]
16:09:56.328 [main] DEBUG org.springframework.core.io.support.PathMatchingResourcePatternResolver - Resolved location pattern [classpath*:com/gerald/*.class] to resources []
16:09:56.336 [main] DEBUG org.springframework.core.io.support.PathMatchingResourcePatternResolver - Resolved classpath location [com/] to resources [URL [file:/C:/Users/Dev7/Documents/Spring/Workspace/comm-utils/target/test-classes/com/], URL [file:/C:/Users/Dev7/Documents/Spring/Workspace/comm-utils/target/classes/com/], URL [jar:file:/C:/Users/Dev7/.m2/repository/com/jayway/jsonpath/json-path/2.2.0/json-path-2.2.0.jar!/com/], URL [jar:file:/C:/Users/Dev7/.m2/repository/com/fasterxml/classmate/1.3.1/classmate-1.3.1.jar!/com/], URL [jar:file:/C:/Users/Dev7/.m2/repository/com/fasterxml/jackson/core/jackson-databind/2.8.1/jackson-databind-2.8.1.jar!/com/], URL [jar:file:/C:/Users/Dev7/.m2/repository/com/fasterxml/jackson/core/jackson-annotations/2.8.1/jackson-annotations-2.8.1.jar!/com/], URL [jar:file:/C:/Users/Dev7/.m2/repository/com/fasterxml/jackson/core/jackson-core/2.8.1/jackson-core-2.8.1.jar!/com/], URL [jar:file:/C:/Users/Dev7/.m2/repository/com/sun/mail/javax.mail/1.5.5/javax.mail-1.5.5.jar!/com/], URL [jar:file:/C:/Users/Dev7/.m2/repository/javax/activation/activation/1.1.1/activation-1.1.1.jar!/com/], URL [jar:file:/C:/Users/Dev7/.m2/repository/org/projectlombok/lombok/1.16.10/lombok-1.16.10.jar!/com/]]
16:09:56.337 [main] DEBUG org.springframework.core.io.support.PathMatchingResourcePatternResolver - Looking for matching resources in directory tree [C:\Users\Dev7\Documents\Spring\Workspace\comm-utils\target\test-classes\com]
16:09:56.337 [main] DEBUG org.springframework.core.io.support.PathMatchingResourcePatternResolver - Searching directory [C:\Users\Dev7\Documents\Spring\Workspace\comm-utils\target\test-classes\com] for files matching pattern [C:/Users/Dev7/Documents/Spring/Workspace/comm-utils/target/test-classes/com/*.class]
16:09:56.339 [main] DEBUG org.springframework.core.io.support.PathMatchingResourcePatternResolver - Looking for matching resources in directory tree [C:\Users\Dev7\Documents\Spring\Workspace\comm-utils\target\classes\com]
16:09:56.340 [main] DEBUG org.springframework.core.io.support.PathMatchingResourcePatternResolver - Searching directory [C:\Users\Dev7\Documents\Spring\Workspace\comm-utils\target\classes\com] for files matching pattern [C:/Users/Dev7/Documents/Spring/Workspace/comm-utils/target/classes/com/*.class]
16:09:56.344 [main] DEBUG org.springframework.core.io.support.PathMatchingResourcePatternResolver - Looking for matching resources in jar file [file:/C:/Users/Dev7/.m2/repository/com/jayway/jsonpath/json-path/2.2.0/json-path-2.2.0.jar]
16:09:56.356 [main] DEBUG org.springframework.core.io.support.PathMatchingResourcePatternResolver - Looking for matching resources in jar file [file:/C:/Users/Dev7/.m2/repository/com/fasterxml/classmate/1.3.1/classmate-1.3.1.jar]
16:09:56.361 [main] DEBUG org.springframework.core.io.support.PathMatchingResourcePatternResolver - Looking for matching resources in jar file [file:/C:/Users/Dev7/.m2/repository/com/fasterxml/jackson/core/jackson-databind/2.8.1/jackson-databind-2.8.1.jar]
16:09:56.411 [main] DEBUG org.springframework.core.io.support.PathMatchingResourcePatternResolver - Looking for matching resources in jar file [file:/C:/Users/Dev7/.m2/repository/com/fasterxml/jackson/core/jackson-annotations/2.8.1/jackson-annotations-2.8.1.jar]
16:09:56.420 [main] DEBUG org.springframework.core.io.support.PathMatchingResourcePatternResolver - Looking for matching resources in jar file [file:/C:/Users/Dev7/.m2/repository/com/fasterxml/jackson/core/jackson-core/2.8.1/jackson-core-2.8.1.jar]
16:09:56.430 [main] DEBUG org.springframework.core.io.support.PathMatchingResourcePatternResolver - Looking for matching resources in jar file [file:/C:/Users/Dev7/.m2/repository/com/sun/mail/javax.mail/1.5.5/javax.mail-1.5.5.jar]
16:09:56.493 [main] DEBUG org.springframework.core.io.support.PathMatchingResourcePatternResolver - Looking for matching resources in jar file [file:/C:/Users/Dev7/.m2/repository/javax/activation/activation/1.1.1/activation-1.1.1.jar]
16:09:56.494 [main] DEBUG org.springframework.core.io.support.PathMatchingResourcePatternResolver - Looking for matching resources in jar file [file:/C:/Users/Dev7/.m2/repository/org/projectlombok/lombok/1.16.10/lombok-1.16.10.jar]
16:09:56.503 [main] DEBUG org.springframework.core.io.support.PathMatchingResourcePatternResolver - Resolved location pattern [classpath*:com/*.class] to resources []
16:09:56.513 [main] DEBUG org.springframework.test.context.junit4.SpringJUnit4ClassRunner - SpringJUnit4ClassRunner constructor called with [class com.gerald.utils.CommUtilsApplicationTests]
16:09:56.514 [main] DEBUG org.springframework.test.context.BootstrapUtils - Instantiating CacheAwareContextLoaderDelegate from class [org.springframework.test.context.cache.DefaultCacheAwareContextLoaderDelegate]
16:09:56.517 [main] DEBUG org.springframework.test.context.BootstrapUtils - Instantiating BootstrapContext using constructor [public org.springframework.test.context.support.DefaultBootstrapContext(java.lang.Class,org.springframework.test.context.CacheAwareContextLoaderDelegate)]
16:09:56.518 [main] DEBUG org.springframework.test.context.BootstrapUtils - Instantiating TestContextBootstrapper for test class [com.gerald.utils.CommUtilsApplicationTests] from class [org.springframework.boot.test.context.SpringBootTestContextBootstrapper]
16:09:56.521 [main] INFO org.springframework.boot.test.context.SpringBootTestContextBootstrapper - Neither @ContextConfiguration nor @ContextHierarchy found for test class [com.gerald.utils.CommUtilsApplicationTests], using SpringBootContextLoader
16:09:56.522 [main] DEBUG org.springframework.test.context.support.AbstractContextLoader - Did not detect default resource location for test class [com.gerald.utils.CommUtilsApplicationTests]: class path resource [com/gerald/utils/CommUtilsApplicationTests-context.xml] does not exist
16:09:56.523 [main] DEBUG org.springframework.test.context.support.AbstractContextLoader - Did not detect default resource location for test class [com.gerald.utils.CommUtilsApplicationTests]: class path resource [com/gerald/utils/CommUtilsApplicationTestsContext.groovy] does not exist
16:09:56.524 [main] INFO org.springframework.test.context.support.AbstractContextLoader - Could not detect default resource locations for test class [com.gerald.utils.CommUtilsApplicationTests]: no resource found for suffixes {-context.xml, Context.groovy}.
16:09:56.524 [main] INFO org.springframework.test.context.support.AnnotationConfigContextLoaderUtils - Could not detect default configuration classes for test class [com.gerald.utils.CommUtilsApplicationTests]: CommUtilsApplicationTests does not declare any static, non-private, non-final, nested classes annotated with @Configuration.
16:09:56.549 [main] DEBUG org.springframework.test.context.support.ActiveProfilesUtils - Could not find an 'annotation declaring class' for annotation type [org.springframework.test.context.ActiveProfiles] and class [com.gerald.utils.CommUtilsApplicationTests]
16:09:56.551 [main] DEBUG org.springframework.core.env.StandardEnvironment - Adding [systemProperties] PropertySource with lowest search precedence
16:09:56.552 [main] DEBUG org.springframework.core.env.StandardEnvironment - Adding [systemEnvironment] PropertySource with lowest search precedence
16:09:56.554 [main] DEBUG org.springframework.core.env.StandardEnvironment - Initialized StandardEnvironment with PropertySources [systemProperties,systemEnvironment]
16:09:56.556 [main] DEBUG org.springframework.core.io.support.PathMatchingResourcePatternResolver - Resolved classpath location [com/gerald/utils/] to resources [URL [file:/C:/Users/Dev7/Documents/Spring/Workspace/comm-utils/target/test-classes/com/gerald/utils/], URL [file:/C:/Users/Dev7/Documents/Spring/Workspace/comm-utils/target/classes/com/gerald/utils/]]
16:09:56.556 [main] DEBUG org.springframework.core.io.support.PathMatchingResourcePatternResolver - Looking for matching resources in directory tree [C:\Users\Dev7\Documents\Spring\Workspace\comm-utils\target\test-classes\com\gerald\utils]
16:09:56.557 [main] DEBUG org.springframework.core.io.support.PathMatchingResourcePatternResolver - Searching directory [C:\Users\Dev7\Documents\Spring\Workspace\comm-utils\target\test-classes\com\gerald\utils] for files matching pattern [C:/Users/Dev7/Documents/Spring/Workspace/comm-utils/target/test-classes/com/gerald/utils/*.class]
16:09:56.558 [main] DEBUG org.springframework.core.io.support.PathMatchingResourcePatternResolver - Looking for matching resources in directory tree [C:\Users\Dev7\Documents\Spring\Workspace\comm-utils\target\classes\com\gerald\utils]
16:09:56.559 [main] DEBUG org.springframework.core.io.support.PathMatchingResourcePatternResolver - Searching directory [C:\Users\Dev7\Documents\Spring\Workspace\comm-utils\target\classes\com\gerald\utils] for files matching pattern [C:/Users/Dev7/Documents/Spring/Workspace/comm-utils/target/classes/com/gerald/utils/*.class]
16:09:56.560 [main] DEBUG org.springframework.core.io.support.PathMatchingResourcePatternResolver - Resolved location pattern [classpath*:com/gerald/utils/*.class] to resources [file [C:\Users\Dev7\Documents\Spring\Workspace\comm-utils\target\test-classes\com\gerald\utils\CommUtilsApplicationTests.class]]
16:09:56.564 [main] DEBUG org.springframework.core.io.support.PathMatchingResourcePatternResolver - Resolved classpath location [com/gerald/] to resources [URL [file:/C:/Users/Dev7/Documents/Spring/Workspace/comm-utils/target/test-classes/com/gerald/], URL [file:/C:/Users/Dev7/Documents/Spring/Workspace/comm-utils/target/classes/com/gerald/]]
16:09:56.568 [main] DEBUG org.springframework.core.io.support.PathMatchingResourcePatternResolver - Looking for matching resources in directory tree [C:\Users\Dev7\Documents\Spring\Workspace\comm-utils\target\test-classes\com\gerald]
16:09:56.569 [main] DEBUG org.springframework.core.io.support.PathMatchingResourcePatternResolver - Searching directory [C:\Users\Dev7\Documents\Spring\Workspace\comm-utils\target\test-classes\com\gerald] for files matching pattern [C:/Users/Dev7/Documents/Spring/Workspace/comm-utils/target/test-classes/com/gerald/*.class]
16:09:56.570 [main] DEBUG org.springframework.core.io.support.PathMatchingResourcePatternResolver - Looking for matching resources in directory tree [C:\Users\Dev7\Documents\Spring\Workspace\comm-utils\target\classes\com\gerald]
16:09:56.570 [main] DEBUG org.springframework.core.io.support.PathMatchingResourcePatternResolver - Searching directory [C:\Users\Dev7\Documents\Spring\Workspace\comm-utils\target\classes\com\gerald] for files matching pattern [C:/Users/Dev7/Documents/Spring/Workspace/comm-utils/target/classes/com/gerald/*.class]
16:09:56.571 [main] DEBUG org.springframework.core.io.support.PathMatchingResourcePatternResolver - Resolved location pattern [classpath*:com/gerald/*.class] to resources []
16:09:56.574 [main] DEBUG org.springframework.core.io.support.PathMatchingResourcePatternResolver - Resolved classpath location [com/] to resources [URL [file:/C:/Users/Dev7/Documents/Spring/Workspace/comm-utils/target/test-classes/com/], URL [file:/C:/Users/Dev7/Documents/Spring/Workspace/comm-utils/target/classes/com/], URL [jar:file:/C:/Users/Dev7/.m2/repository/com/jayway/jsonpath/json-path/2.2.0/json-path-2.2.0.jar!/com/], URL [jar:file:/C:/Users/Dev7/.m2/repository/com/fasterxml/classmate/1.3.1/classmate-1.3.1.jar!/com/], URL [jar:file:/C:/Users/Dev7/.m2/repository/com/fasterxml/jackson/core/jackson-databind/2.8.1/jackson-databind-2.8.1.jar!/com/], URL [jar:file:/C:/Users/Dev7/.m2/repository/com/fasterxml/jackson/core/jackson-annotations/2.8.1/jackson-annotations-2.8.1.jar!/com/], URL [jar:file:/C:/Users/Dev7/.m2/repository/com/fasterxml/jackson/core/jackson-core/2.8.1/jackson-core-2.8.1.jar!/com/], URL [jar:file:/C:/Users/Dev7/.m2/repository/com/sun/mail/javax.mail/1.5.5/javax.mail-1.5.5.jar!/com/], URL [jar:file:/C:/Users/Dev7/.m2/repository/javax/activation/activation/1.1.1/activation-1.1.1.jar!/com/], URL [jar:file:/C:/Users/Dev7/.m2/repository/org/projectlombok/lombok/1.16.10/lombok-1.16.10.jar!/com/]]
16:09:56.575 [main] DEBUG org.springframework.core.io.support.PathMatchingResourcePatternResolver - Looking for matching resources in directory tree [C:\Users\Dev7\Documents\Spring\Workspace\comm-utils\target\test-classes\com]
16:09:56.576 [main] DEBUG org.springframework.core.io.support.PathMatchingResourcePatternResolver - Searching directory [C:\Users\Dev7\Documents\Spring\Workspace\comm-utils\target\test-classes\com] for files matching pattern [C:/Users/Dev7/Documents/Spring/Workspace/comm-utils/target/test-classes/com/*.class]
16:09:56.577 [main] DEBUG org.springframework.core.io.support.PathMatchingResourcePatternResolver - Looking for matching resources in directory tree [C:\Users\Dev7\Documents\Spring\Workspace\comm-utils\target\classes\com]
16:09:56.580 [main] DEBUG org.springframework.core.io.support.PathMatchingResourcePatternResolver - Searching directory [C:\Users\Dev7\Documents\Spring\Workspace\comm-utils\target\classes\com] for files matching pattern [C:/Users/Dev7/Documents/Spring/Workspace/comm-utils/target/classes/com/*.class]
16:09:56.643 [main] DEBUG org.springframework.core.io.support.PathMatchingResourcePatternResolver - Looking for matching resources in jar file [file:/C:/Users/Dev7/.m2/repository/com/jayway/jsonpath/json-path/2.2.0/json-path-2.2.0.jar]
16:09:56.648 [main] DEBUG org.springframework.core.io.support.PathMatchingResourcePatternResolver - Looking for matching resources in jar file [file:/C:/Users/Dev7/.m2/repository/com/fasterxml/classmate/1.3.1/classmate-1.3.1.jar]
16:09:56.651 [main] DEBUG org.springframework.core.io.support.PathMatchingResourcePatternResolver - Looking for matching resources in jar file [file:/C:/Users/Dev7/.m2/repository/com/fasterxml/jackson/core/jackson-databind/2.8.1/jackson-databind-2.8.1.jar]
16:09:56.666 [main] DEBUG org.springframework.core.io.support.PathMatchingResourcePatternResolver - Looking for matching resources in jar file [file:/C:/Users/Dev7/.m2/repository/com/fasterxml/jackson/core/jackson-annotations/2.8.1/jackson-annotations-2.8.1.jar]
16:09:56.669 [main] DEBUG org.springframework.core.io.support.PathMatchingResourcePatternResolver - Looking for matching resources in jar file [file:/C:/Users/Dev7/.m2/repository/com/fasterxml/jackson/core/jackson-core/2.8.1/jackson-core-2.8.1.jar]
16:09:56.675 [main] DEBUG org.springframework.core.io.support.PathMatchingResourcePatternResolver - Looking for matching resources in jar file [file:/C:/Users/Dev7/.m2/repository/com/sun/mail/javax.mail/1.5.5/javax.mail-1.5.5.jar]
16:09:56.696 [main] DEBUG org.springframework.core.io.support.PathMatchingResourcePatternResolver - Looking for matching resources in jar file [file:/C:/Users/Dev7/.m2/repository/javax/activation/activation/1.1.1/activation-1.1.1.jar]
16:09:56.698 [main] DEBUG org.springframework.core.io.support.PathMatchingResourcePatternResolver - Looking for matching resources in jar file [file:/C:/Users/Dev7/.m2/repository/org/projectlombok/lombok/1.16.10/lombok-1.16.10.jar]
16:09:56.705 [main] DEBUG org.springframework.core.io.support.PathMatchingResourcePatternResolver - Resolved location pattern [classpath*:com/*.class] to resources []
]]></system-out>
  </testcase>
</testsuite>